<?xml version="1.0" encoding="UTF-8"?>
<testsuite xmlns:xsi="http://www.w3.org/2001/XMLSchema-instance" xsi:noNamespaceSchemaLocation="https://maven.apache.org/surefire/maven-surefire-plugin/xsd/surefire-test-report-3.0.xsd" version="3.0" name="com.tayssir.cosmetiques.CosmetiquesApplicationTests" time="6.65" tests="13" errors="2" skipped="0" failures="0">
  <properties>
    <property name="java.specification.version" value="21"/>
    <property name="sun.cpu.isalist" value="amd64"/>
    <property name="sun.jnu.encoding" value="Cp1252"/>
    <property name="java.class.path" value="C:\Users\BAZ INFO\Documents\workspace-spring-tool-suite-4-4.22.0.RELEASE\Cosmetiques_Sp2\target\test-classes;C:\Users\BAZ INFO\Documents\workspace-spring-tool-suite-4-4.22.0.RELEASE\Cosmetiques_Sp2\target\classes;C:\Users\BAZ INFO\.m2\repository\org\springframework\boot\spring-boot-starter-data-jpa\3.2.5\spring-boot-starter-data-jpa-3.2.5.jar;C:\Users\BAZ INFO\.m2\repository\org\springframework\boot\spring-boot-starter-aop\3.2.5\spring-boot-starter-aop-3.2.5.jar;C:\Users\BAZ INFO\.m2\repository\org\springframework\spring-aop\6.1.6\spring-aop-6.1.6.jar;C:\Users\BAZ INFO\.m2\repository\org\aspectj\aspectjweaver\1.9.22\aspectjweaver-1.9.22.jar;C:\Users\BAZ INFO\.m2\repository\org\springframework\boot\spring-boot-starter-jdbc\3.2.5\spring-boot-starter-jdbc-3.2.5.jar;C:\Users\BAZ INFO\.m2\repository\com\zaxxer\HikariCP\5.0.1\HikariCP-5.0.1.jar;C:\Users\BAZ INFO\.m2\repository\org\springframework\spring-jdbc\6.1.6\spring-jdbc-6.1.6.jar;C:\Users\BAZ INFO\.m2\repository\org\hibernate\orm\hibernate-core\6.4.4.Final\hibernate-core-6.4.4.Final.jar;C:\Users\BAZ INFO\.m2\repository\jakarta\persistence\jakarta.persistence-api\3.1.0\jakarta.persistence-api-3.1.0.jar;C:\Users\BAZ INFO\.m2\repository\jakarta\transaction\jakarta.transaction-api\2.0.1\jakarta.transaction-api-2.0.1.jar;C:\Users\BAZ INFO\.m2\repository\org\jboss\logging\jboss-logging\3.5.3.Final\jboss-logging-3.5.3.Final.jar;C:\Users\BAZ INFO\.m2\repository\org\hibernate\common\hibernate-commons-annotations\6.0.6.Final\hibernate-commons-annotations-6.0.6.Final.jar;C:\Users\BAZ INFO\.m2\repository\io\smallrye\jandex\3.1.2\jandex-3.1.2.jar;C:\Users\BAZ INFO\.m2\repository\com\fasterxml\classmate\1.6.0\classmate-1.6.0.jar;C:\Users\BAZ INFO\.m2\repository\net\bytebuddy\byte-buddy\1.14.13\byte-buddy-1.14.13.jar;C:\Users\BAZ INFO\.m2\repository\org\glassfish\jaxb\jaxb-runtime\4.0.5\jaxb-runtime-4.0.5.jar;C:\Users\BAZ INFO\.m2\repository\org\glassfish\jaxb\jaxb-core\4.0.5\jaxb-core-4.0.5.jar;C:\Users\BAZ INFO\.m2\repository\org\glassfish\jaxb\txw2\4.0.5\txw2-4.0.5.jar;C:\Users\BAZ INFO\.m2\repository\com\sun\istack\istack-commons-runtime\4.1.2\istack-commons-runtime-4.1.2.jar;C:\Users\BAZ INFO\.m2\repository\jakarta\inject\jakarta.inject-api\2.0.1\jakarta.inject-api-2.0.1.jar;C:\Users\BAZ INFO\.m2\repository\org\antlr\antlr4-runtime\4.13.0\antlr4-runtime-4.13.0.jar;C:\Users\BAZ INFO\.m2\repository\org\springframework\data\spring-data-jpa\3.2.5\spring-data-jpa-3.2.5.jar;C:\Users\BAZ INFO\.m2\repository\org\springframework\data\spring-data-commons\3.2.5\spring-data-commons-3.2.5.jar;C:\Users\BAZ INFO\.m2\repository\org\springframework\spring-orm\6.1.6\spring-orm-6.1.6.jar;C:\Users\BAZ INFO\.m2\repository\org\springframework\spring-context\6.1.6\spring-context-6.1.6.jar;C:\Users\BAZ INFO\.m2\repository\org\springframework\spring-tx\6.1.6\spring-tx-6.1.6.jar;C:\Users\BAZ INFO\.m2\repository\org\springframework\spring-beans\6.1.6\spring-beans-6.1.6.jar;C:\Users\BAZ INFO\.m2\repository\jakarta\annotation\jakarta.annotation-api\2.1.1\jakarta.annotation-api-2.1.1.jar;C:\Users\BAZ INFO\.m2\repository\org\springframework\spring-aspects\6.1.6\spring-aspects-6.1.6.jar;C:\Users\BAZ INFO\.m2\repository\org\springframework\boot\spring-boot-starter-web\3.2.5\spring-boot-starter-web-3.2.5.jar;C:\Users\BAZ INFO\.m2\repository\org\springframework\boot\spring-boot-starter\3.2.5\spring-boot-starter-3.2.5.jar;C:\Users\BAZ INFO\.m2\repository\org\springframework\boot\spring-boot-starter-logging\3.2.5\spring-boot-starter-logging-3.2.5.jar;C:\Users\BAZ INFO\.m2\repository\ch\qos\logback\logback-classic\1.4.14\logback-classic-1.4.14.jar;C:\Users\BAZ INFO\.m2\repository\ch\qos\logback\logback-core\1.4.14\logback-core-1.4.14.jar;C:\Users\BAZ INFO\.m2\repository\org\apache\logging\log4j\log4j-to-slf4j\2.21.1\log4j-to-slf4j-2.21.1.jar;C:\Users\BAZ INFO\.m2\repository\org\apache\logging\log4j\log4j-api\2.21.1\log4j-api-2.21.1.jar;C:\Users\BAZ INFO\.m2\repository\org\slf4j\jul-to-slf4j\2.0.13\jul-to-slf4j-2.0.13.jar;C:\Users\BAZ INFO\.m2\repository\org\yaml\snakeyaml\2.2\snakeyaml-2.2.jar;C:\Users\BAZ INFO\.m2\repository\org\springframework\boot\spring-boot-starter-json\3.2.5\spring-boot-starter-json-3.2.5.jar;C:\Users\BAZ INFO\.m2\repository\com\fasterxml\jackson\core\jackson-databind\2.15.4\jackson-databind-2.15.4.jar;C:\Users\BAZ INFO\.m2\repository\com\fasterxml\jackson\core\jackson-core\2.15.4\jackson-core-2.15.4.jar;C:\Users\BAZ INFO\.m2\repository\com\fasterxml\jackson\datatype\jackson-datatype-jdk8\2.15.4\jackson-datatype-jdk8-2.15.4.jar;C:\Users\BAZ INFO\.m2\repository\com\fasterxml\jackson\datatype\jackson-datatype-jsr310\2.15.4\jackson-datatype-jsr310-2.15.4.jar;C:\Users\BAZ INFO\.m2\repository\com\fasterxml\jackson\module\jackson-module-parameter-names\2.15.4\jackson-module-parameter-names-2.15.4.jar;C:\Users\BAZ INFO\.m2\repository\org\springframework\boot\spring-boot-starter-tomcat\3.2.5\spring-boot-starter-tomcat-3.2.5.jar;C:\Users\BAZ INFO\.m2\repository\org\apache\tomcat\embed\tomcat-embed-core\10.1.20\tomcat-embed-core-10.1.20.jar;C:\Users\BAZ INFO\.m2\repository\org\apache\tomcat\embed\tomcat-embed-el\10.1.20\tomcat-embed-el-10.1.20.jar;C:\Users\BAZ INFO\.m2\repository\org\apache\tomcat\embed\tomcat-embed-websocket\10.1.20\tomcat-embed-websocket-10.1.20.jar;C:\Users\BAZ INFO\.m2\repository\org\springframework\spring-web\6.1.6\spring-web-6.1.6.jar;C:\Users\BAZ INFO\.m2\repository\io\micrometer\micrometer-observation\1.12.5\micrometer-observation-1.12.5.jar;C:\Users\BAZ INFO\.m2\repository\io\micrometer\micrometer-commons\1.12.5\micrometer-commons-1.12.5.jar;C:\Users\BAZ INFO\.m2\repository\org\springframework\spring-webmvc\6.1.6\spring-webmvc-6.1.6.jar;C:\Users\BAZ INFO\.m2\repository\org\springframework\spring-expression\6.1.6\spring-expression-6.1.6.jar;C:\Users\BAZ INFO\.m2\repository\org\springframework\boot\spring-boot-starter-web-services\3.2.5\spring-boot-starter-web-services-3.2.5.jar;C:\Users\BAZ INFO\.m2\repository\com\sun\xml\messaging\saaj\saaj-impl\3.0.3\saaj-impl-3.0.3.jar;C:\Users\BAZ INFO\.m2\repository\jakarta\xml\soap\jakarta.xml.soap-api\3.0.1\jakarta.xml.soap-api-3.0.1.jar;C:\Users\BAZ INFO\.m2\repository\org\jvnet\staxex\stax-ex\2.1.0\stax-ex-2.1.0.jar;C:\Users\BAZ INFO\.m2\repository\jakarta\activation\jakarta.activation-api\2.1.3\jakarta.activation-api-2.1.3.jar;C:\Users\BAZ INFO\.m2\repository\org\eclipse\angus\angus-activation\2.0.2\angus-activation-2.0.2.jar;C:\Users\BAZ INFO\.m2\repository\jakarta\xml\ws\jakarta.xml.ws-api\4.0.1\jakarta.xml.ws-api-4.0.1.jar;C:\Users\BAZ INFO\.m2\repository\org\springframework\spring-oxm\6.1.6\spring-oxm-6.1.6.jar;C:\Users\BAZ INFO\.m2\repository\org\springframework\ws\spring-ws-core\4.0.10\spring-ws-core-4.0.10.jar;C:\Users\BAZ INFO\.m2\repository\org\springframework\ws\spring-xml\4.0.10\spring-xml-4.0.10.jar;C:\Users\BAZ INFO\.m2\repository\org\springframework\boot\spring-boot-devtools\3.2.5\spring-boot-devtools-3.2.5.jar;C:\Users\BAZ INFO\.m2\repository\org\springframework\boot\spring-boot\3.2.5\spring-boot-3.2.5.jar;C:\Users\BAZ INFO\.m2\repository\org\springframework\boot\spring-boot-autoconfigure\3.2.5\spring-boot-autoconfigure-3.2.5.jar;C:\Users\BAZ INFO\.m2\repository\com\mysql\mysql-connector-j\8.3.0\mysql-connector-j-8.3.0.jar;C:\Users\BAZ INFO\.m2\repository\org\springframework\boot\spring-boot-starter-test\3.2.5\spring-boot-starter-test-3.2.5.jar;C:\Users\BAZ INFO\.m2\repository\org\springframework\boot\spring-boot-test\3.2.5\spring-boot-test-3.2.5.jar;C:\Users\BAZ INFO\.m2\repository\org\springframework\boot\spring-boot-test-autoconfigure\3.2.5\spring-boot-test-autoconfigure-3.2.5.jar;C:\Users\BAZ INFO\.m2\repository\com\jayway\jsonpath\json-path\2.9.0\json-path-2.9.0.jar;C:\Users\BAZ INFO\.m2\repository\jakarta\xml\bind\jakarta.xml.bind-api\4.0.2\jakarta.xml.bind-api-4.0.2.jar;C:\Users\BAZ INFO\.m2\repository\net\minidev\json-smart\2.5.1\json-smart-2.5.1.jar;C:\Users\BAZ INFO\.m2\repository\net\minidev\accessors-smart\2.5.1\accessors-smart-2.5.1.jar;C:\Users\BAZ INFO\.m2\repository\org\ow2\asm\asm\9.6\asm-9.6.jar;C:\Users\BAZ INFO\.m2\repository\org\assertj\assertj-core\3.24.2\assertj-core-3.24.2.jar;C:\Users\BAZ INFO\.m2\repository\org\awaitility\awaitility\4.2.1\awaitility-4.2.1.jar;C:\Users\BAZ INFO\.m2\repository\org\hamcrest\hamcrest\2.2\hamcrest-2.2.jar;C:\Users\BAZ INFO\.m2\repository\org\junit\jupiter\junit-jupiter\5.10.2\junit-jupiter-5.10.2.jar;C:\Users\BAZ INFO\.m2\repository\org\junit\jupiter\junit-jupiter-api\5.10.2\junit-jupiter-api-5.10.2.jar;C:\Users\BAZ INFO\.m2\repository\org\opentest4j\opentest4j\1.3.0\opentest4j-1.3.0.jar;C:\Users\BAZ INFO\.m2\repository\org\junit\platform\junit-platform-commons\1.10.2\junit-platform-commons-1.10.2.jar;C:\Users\BAZ INFO\.m2\repository\org\apiguardian\apiguardian-api\1.1.2\apiguardian-api-1.1.2.jar;C:\Users\BAZ INFO\.m2\repository\org\junit\jupiter\junit-jupiter-params\5.10.2\junit-jupiter-params-5.10.2.jar;C:\Users\BAZ INFO\.m2\repository\org\junit\jupiter\junit-jupiter-engine\5.10.2\junit-jupiter-engine-5.10.2.jar;C:\Users\BAZ INFO\.m2\repository\org\junit\platform\junit-platform-engine\1.10.2\junit-platform-engine-1.10.2.jar;C:\Users\BAZ INFO\.m2\repository\org\mockito\mockito-core\5.7.0\mockito-core-5.7.0.jar;C:\Users\BAZ INFO\.m2\repository\net\bytebuddy\byte-buddy-agent\1.14.13\byte-buddy-agent-1.14.13.jar;C:\Users\BAZ INFO\.m2\repository\org\objenesis\objenesis\3.3\objenesis-3.3.jar;C:\Users\BAZ INFO\.m2\repository\org\mockito\mockito-junit-jupiter\5.7.0\mockito-junit-jupiter-5.7.0.jar;C:\Users\BAZ INFO\.m2\repository\org\skyscreamer\jsonassert\1.5.1\jsonassert-1.5.1.jar;C:\Users\BAZ INFO\.m2\repository\com\vaadin\external\google\android-json\0.0.20131108.vaadin1\android-json-0.0.20131108.vaadin1.jar;C:\Users\BAZ INFO\.m2\repository\org\springframework\spring-core\6.1.6\spring-core-6.1.6.jar;C:\Users\BAZ INFO\.m2\repository\org\springframework\spring-jcl\6.1.6\spring-jcl-6.1.6.jar;C:\Users\BAZ INFO\.m2\repository\org\springframework\spring-test\6.1.6\spring-test-6.1.6.jar;C:\Users\BAZ INFO\.m2\repository\org\xmlunit\xmlunit-core\2.9.1\xmlunit-core-2.9.1.jar;C:\Users\BAZ INFO\.m2\repository\org\webjars\bootstrap\4.3.1\bootstrap-4.3.1.jar;C:\Users\BAZ INFO\.m2\repository\org\webjars\popper.js\1.14.3\popper.js-1.14.3.jar;C:\Users\BAZ INFO\.m2\repository\org\springframework\boot\spring-boot-starter-thymeleaf\3.2.5\spring-boot-starter-thymeleaf-3.2.5.jar;C:\Users\BAZ INFO\.m2\repository\org\thymeleaf\thymeleaf-spring6\3.1.2.RELEASE\thymeleaf-spring6-3.1.2.RELEASE.jar;C:\Users\BAZ INFO\.m2\repository\nz\net\ultraq\thymeleaf\thymeleaf-layout-dialect\3.3.0\thymeleaf-layout-dialect-3.3.0.jar;C:\Users\BAZ INFO\.m2\repository\org\apache\groovy\groovy\4.0.21\groovy-4.0.21.jar;C:\Users\BAZ INFO\.m2\repository\nz\net\ultraq\groovy\groovy-extensions\2.1.0\groovy-extensions-2.1.0.jar;C:\Users\BAZ INFO\.m2\repository\nz\net\ultraq\thymeleaf\thymeleaf-expression-processor\3.2.0\thymeleaf-expression-processor-3.2.0.jar;C:\Users\BAZ INFO\.m2\repository\org\thymeleaf\thymeleaf\3.1.2.RELEASE\thymeleaf-3.1.2.RELEASE.jar;C:\Users\BAZ INFO\.m2\repository\ognl\ognl\3.3.4\ognl-3.3.4.jar;C:\Users\BAZ INFO\.m2\repository\org\javassist\javassist\3.29.0-GA\javassist-3.29.0-GA.jar;C:\Users\BAZ INFO\.m2\repository\org\attoparser\attoparser\2.0.7.RELEASE\attoparser-2.0.7.RELEASE.jar;C:\Users\BAZ INFO\.m2\repository\org\unbescape\unbescape\1.1.6.RELEASE\unbescape-1.1.6.RELEASE.jar;C:\Users\BAZ INFO\.m2\repository\org\slf4j\slf4j-api\2.0.13\slf4j-api-2.0.13.jar;C:\Users\BAZ INFO\.m2\repository\org\webjars\jquery\3.5.1\jquery-3.5.1.jar;C:\Users\BAZ INFO\.m2\repository\org\projectlombok\lombok\1.18.32\lombok-1.18.32.jar;C:\Users\BAZ INFO\.m2\repository\org\springframework\boot\spring-boot-starter-data-rest\3.2.5\spring-boot-starter-data-rest-3.2.5.jar;C:\Users\BAZ INFO\.m2\repository\org\springframework\data\spring-data-rest-webmvc\4.2.5\spring-data-rest-webmvc-4.2.5.jar;C:\Users\BAZ INFO\.m2\repository\org\springframework\data\spring-data-rest-core\4.2.5\spring-data-rest-core-4.2.5.jar;C:\Users\BAZ INFO\.m2\repository\org\springframework\hateoas\spring-hateoas\2.2.2\spring-hateoas-2.2.2.jar;C:\Users\BAZ INFO\.m2\repository\org\springframework\plugin\spring-plugin-core\3.0.0\spring-plugin-core-3.0.0.jar;C:\Users\BAZ INFO\.m2\repository\org\atteo\evo-inflector\1.3\evo-inflector-1.3.jar;C:\Users\BAZ INFO\.m2\repository\com\fasterxml\jackson\core\jackson-annotations\2.15.4\jackson-annotations-2.15.4.jar;"/>
    <property name="java.vm.vendor" value="Oracle Corporation"/>
    <property name="sun.arch.data.model" value="64"/>
    <property name="user.variant" value=""/>
    <property name="java.vendor.url" value="https://java.oracle.com/"/>
    <property name="user.timezone" value="Africa/Tunis"/>
    <property name="org.jboss.logging.provider" value="slf4j"/>
    <property name="user.country.format" value="TN"/>
    <property name="os.name" value="Windows 10"/>
    <property name="java.vm.specification.version" value="21"/>
    <property name="sun.java.launcher" value="SUN_STANDARD"/>
    <property name="user.country" value="FR"/>
    <property name="sun.boot.library.path" value="C:\Program Files\Java\jdk-21\bin"/>
    <property name="sun.java.command" value="C:\Users\BAZ INFO\AppData\Local\Temp\surefire15850387206601332022\surefirebooter-20240430162945490_3.jar C:\Users\BAZ INFO\AppData\Local\Temp\surefire15850387206601332022 2024-04-30T16-29-43_326-jvmRun1 surefire-20240430162945490_1tmp surefire_0-20240430162945490_2tmp"/>
    <property name="jdk.debug" value="release"/>
    <property name="surefire.test.class.path" value="C:\Users\BAZ INFO\Documents\workspace-spring-tool-suite-4-4.22.0.RELEASE\Cosmetiques_Sp2\target\test-classes;C:\Users\BAZ INFO\Documents\workspace-spring-tool-suite-4-4.22.0.RELEASE\Cosmetiques_Sp2\target\classes;C:\Users\BAZ INFO\.m2\repository\org\springframework\boot\spring-boot-starter-data-jpa\3.2.5\spring-boot-starter-data-jpa-3.2.5.jar;C:\Users\BAZ INFO\.m2\repository\org\springframework\boot\spring-boot-starter-aop\3.2.5\spring-boot-starter-aop-3.2.5.jar;C:\Users\BAZ INFO\.m2\repository\org\springframework\spring-aop\6.1.6\spring-aop-6.1.6.jar;C:\Users\BAZ INFO\.m2\repository\org\aspectj\aspectjweaver\1.9.22\aspectjweaver-1.9.22.jar;C:\Users\BAZ INFO\.m2\repository\org\springframework\boot\spring-boot-starter-jdbc\3.2.5\spring-boot-starter-jdbc-3.2.5.jar;C:\Users\BAZ INFO\.m2\repository\com\zaxxer\HikariCP\5.0.1\HikariCP-5.0.1.jar;C:\Users\BAZ INFO\.m2\repository\org\springframework\spring-jdbc\6.1.6\spring-jdbc-6.1.6.jar;C:\Users\BAZ INFO\.m2\repository\org\hibernate\orm\hibernate-core\6.4.4.Final\hibernate-core-6.4.4.Final.jar;C:\Users\BAZ INFO\.m2\repository\jakarta\persistence\jakarta.persistence-api\3.1.0\jakarta.persistence-api-3.1.0.jar;C:\Users\BAZ INFO\.m2\repository\jakarta\transaction\jakarta.transaction-api\2.0.1\jakarta.transaction-api-2.0.1.jar;C:\Users\BAZ INFO\.m2\repository\org\jboss\logging\jboss-logging\3.5.3.Final\jboss-logging-3.5.3.Final.jar;C:\Users\BAZ INFO\.m2\repository\org\hibernate\common\hibernate-commons-annotations\6.0.6.Final\hibernate-commons-annotations-6.0.6.Final.jar;C:\Users\BAZ INFO\.m2\repository\io\smallrye\jandex\3.1.2\jandex-3.1.2.jar;C:\Users\BAZ INFO\.m2\repository\com\fasterxml\classmate\1.6.0\classmate-1.6.0.jar;C:\Users\BAZ INFO\.m2\repository\net\bytebuddy\byte-buddy\1.14.13\byte-buddy-1.14.13.jar;C:\Users\BAZ INFO\.m2\repository\org\glassfish\jaxb\jaxb-runtime\4.0.5\jaxb-runtime-4.0.5.jar;C:\Users\BAZ INFO\.m2\repository\org\glassfish\jaxb\jaxb-core\4.0.5\jaxb-core-4.0.5.jar;C:\Users\BAZ INFO\.m2\repository\org\glassfish\jaxb\txw2\4.0.5\txw2-4.0.5.jar;C:\Users\BAZ INFO\.m2\repository\com\sun\istack\istack-commons-runtime\4.1.2\istack-commons-runtime-4.1.2.jar;C:\Users\BAZ INFO\.m2\repository\jakarta\inject\jakarta.inject-api\2.0.1\jakarta.inject-api-2.0.1.jar;C:\Users\BAZ INFO\.m2\repository\org\antlr\antlr4-runtime\4.13.0\antlr4-runtime-4.13.0.jar;C:\Users\BAZ INFO\.m2\repository\org\springframework\data\spring-data-jpa\3.2.5\spring-data-jpa-3.2.5.jar;C:\Users\BAZ INFO\.m2\repository\org\springframework\data\spring-data-commons\3.2.5\spring-data-commons-3.2.5.jar;C:\Users\BAZ INFO\.m2\repository\org\springframework\spring-orm\6.1.6\spring-orm-6.1.6.jar;C:\Users\BAZ INFO\.m2\repository\org\springframework\spring-context\6.1.6\spring-context-6.1.6.jar;C:\Users\BAZ INFO\.m2\repository\org\springframework\spring-tx\6.1.6\spring-tx-6.1.6.jar;C:\Users\BAZ INFO\.m2\repository\org\springframework\spring-beans\6.1.6\spring-beans-6.1.6.jar;C:\Users\BAZ INFO\.m2\repository\jakarta\annotation\jakarta.annotation-api\2.1.1\jakarta.annotation-api-2.1.1.jar;C:\Users\BAZ INFO\.m2\repository\org\springframework\spring-aspects\6.1.6\spring-aspects-6.1.6.jar;C:\Users\BAZ INFO\.m2\repository\org\springframework\boot\spring-boot-starter-web\3.2.5\spring-boot-starter-web-3.2.5.jar;C:\Users\BAZ INFO\.m2\repository\org\springframework\boot\spring-boot-starter\3.2.5\spring-boot-starter-3.2.5.jar;C:\Users\BAZ INFO\.m2\repository\org\springframework\boot\spring-boot-starter-logging\3.2.5\spring-boot-starter-logging-3.2.5.jar;C:\Users\BAZ INFO\.m2\repository\ch\qos\logback\logback-classic\1.4.14\logback-classic-1.4.14.jar;C:\Users\BAZ INFO\.m2\repository\ch\qos\logback\logback-core\1.4.14\logback-core-1.4.14.jar;C:\Users\BAZ INFO\.m2\repository\org\apache\logging\log4j\log4j-to-slf4j\2.21.1\log4j-to-slf4j-2.21.1.jar;C:\Users\BAZ INFO\.m2\repository\org\apache\logging\log4j\log4j-api\2.21.1\log4j-api-2.21.1.jar;C:\Users\BAZ INFO\.m2\repository\org\slf4j\jul-to-slf4j\2.0.13\jul-to-slf4j-2.0.13.jar;C:\Users\BAZ INFO\.m2\repository\org\yaml\snakeyaml\2.2\snakeyaml-2.2.jar;C:\Users\BAZ INFO\.m2\repository\org\springframework\boot\spring-boot-starter-json\3.2.5\spring-boot-starter-json-3.2.5.jar;C:\Users\BAZ INFO\.m2\repository\com\fasterxml\jackson\core\jackson-databind\2.15.4\jackson-databind-2.15.4.jar;C:\Users\BAZ INFO\.m2\repository\com\fasterxml\jackson\core\jackson-core\2.15.4\jackson-core-2.15.4.jar;C:\Users\BAZ INFO\.m2\repository\com\fasterxml\jackson\datatype\jackson-datatype-jdk8\2.15.4\jackson-datatype-jdk8-2.15.4.jar;C:\Users\BAZ INFO\.m2\repository\com\fasterxml\jackson\datatype\jackson-datatype-jsr310\2.15.4\jackson-datatype-jsr310-2.15.4.jar;C:\Users\BAZ INFO\.m2\repository\com\fasterxml\jackson\module\jackson-module-parameter-names\2.15.4\jackson-module-parameter-names-2.15.4.jar;C:\Users\BAZ INFO\.m2\repository\org\springframework\boot\spring-boot-starter-tomcat\3.2.5\spring-boot-starter-tomcat-3.2.5.jar;C:\Users\BAZ INFO\.m2\repository\org\apache\tomcat\embed\tomcat-embed-core\10.1.20\tomcat-embed-core-10.1.20.jar;C:\Users\BAZ INFO\.m2\repository\org\apache\tomcat\embed\tomcat-embed-el\10.1.20\tomcat-embed-el-10.1.20.jar;C:\Users\BAZ INFO\.m2\repository\org\apache\tomcat\embed\tomcat-embed-websocket\10.1.20\tomcat-embed-websocket-10.1.20.jar;C:\Users\BAZ INFO\.m2\repository\org\springframework\spring-web\6.1.6\spring-web-6.1.6.jar;C:\Users\BAZ INFO\.m2\repository\io\micrometer\micrometer-observation\1.12.5\micrometer-observation-1.12.5.jar;C:\Users\BAZ INFO\.m2\repository\io\micrometer\micrometer-commons\1.12.5\micrometer-commons-1.12.5.jar;C:\Users\BAZ INFO\.m2\repository\org\springframework\spring-webmvc\6.1.6\spring-webmvc-6.1.6.jar;C:\Users\BAZ INFO\.m2\repository\org\springframework\spring-expression\6.1.6\spring-expression-6.1.6.jar;C:\Users\BAZ INFO\.m2\repository\org\springframework\boot\spring-boot-starter-web-services\3.2.5\spring-boot-starter-web-services-3.2.5.jar;C:\Users\BAZ INFO\.m2\repository\com\sun\xml\messaging\saaj\saaj-impl\3.0.3\saaj-impl-3.0.3.jar;C:\Users\BAZ INFO\.m2\repository\jakarta\xml\soap\jakarta.xml.soap-api\3.0.1\jakarta.xml.soap-api-3.0.1.jar;C:\Users\BAZ INFO\.m2\repository\org\jvnet\staxex\stax-ex\2.1.0\stax-ex-2.1.0.jar;C:\Users\BAZ INFO\.m2\repository\jakarta\activation\jakarta.activation-api\2.1.3\jakarta.activation-api-2.1.3.jar;C:\Users\BAZ INFO\.m2\repository\org\eclipse\angus\angus-activation\2.0.2\angus-activation-2.0.2.jar;C:\Users\BAZ INFO\.m2\repository\jakarta\xml\ws\jakarta.xml.ws-api\4.0.1\jakarta.xml.ws-api-4.0.1.jar;C:\Users\BAZ INFO\.m2\repository\org\springframework\spring-oxm\6.1.6\spring-oxm-6.1.6.jar;C:\Users\BAZ INFO\.m2\repository\org\springframework\ws\spring-ws-core\4.0.10\spring-ws-core-4.0.10.jar;C:\Users\BAZ INFO\.m2\repository\org\springframework\ws\spring-xml\4.0.10\spring-xml-4.0.10.jar;C:\Users\BAZ INFO\.m2\repository\org\springframework\boot\spring-boot-devtools\3.2.5\spring-boot-devtools-3.2.5.jar;C:\Users\BAZ INFO\.m2\repository\org\springframework\boot\spring-boot\3.2.5\spring-boot-3.2.5.jar;C:\Users\BAZ INFO\.m2\repository\org\springframework\boot\spring-boot-autoconfigure\3.2.5\spring-boot-autoconfigure-3.2.5.jar;C:\Users\BAZ INFO\.m2\repository\com\mysql\mysql-connector-j\8.3.0\mysql-connector-j-8.3.0.jar;C:\Users\BAZ INFO\.m2\repository\org\springframework\boot\spring-boot-starter-test\3.2.5\spring-boot-starter-test-3.2.5.jar;C:\Users\BAZ INFO\.m2\repository\org\springframework\boot\spring-boot-test\3.2.5\spring-boot-test-3.2.5.jar;C:\Users\BAZ INFO\.m2\repository\org\springframework\boot\spring-boot-test-autoconfigure\3.2.5\spring-boot-test-autoconfigure-3.2.5.jar;C:\Users\BAZ INFO\.m2\repository\com\jayway\jsonpath\json-path\2.9.0\json-path-2.9.0.jar;C:\Users\BAZ INFO\.m2\repository\jakarta\xml\bind\jakarta.xml.bind-api\4.0.2\jakarta.xml.bind-api-4.0.2.jar;C:\Users\BAZ INFO\.m2\repository\net\minidev\json-smart\2.5.1\json-smart-2.5.1.jar;C:\Users\BAZ INFO\.m2\repository\net\minidev\accessors-smart\2.5.1\accessors-smart-2.5.1.jar;C:\Users\BAZ INFO\.m2\repository\org\ow2\asm\asm\9.6\asm-9.6.jar;C:\Users\BAZ INFO\.m2\repository\org\assertj\assertj-core\3.24.2\assertj-core-3.24.2.jar;C:\Users\BAZ INFO\.m2\repository\org\awaitility\awaitility\4.2.1\awaitility-4.2.1.jar;C:\Users\BAZ INFO\.m2\repository\org\hamcrest\hamcrest\2.2\hamcrest-2.2.jar;C:\Users\BAZ INFO\.m2\repository\org\junit\jupiter\junit-jupiter\5.10.2\junit-jupiter-5.10.2.jar;C:\Users\BAZ INFO\.m2\repository\org\junit\jupiter\junit-jupiter-api\5.10.2\junit-jupiter-api-5.10.2.jar;C:\Users\BAZ INFO\.m2\repository\org\opentest4j\opentest4j\1.3.0\opentest4j-1.3.0.jar;C:\Users\BAZ INFO\.m2\repository\org\junit\platform\junit-platform-commons\1.10.2\junit-platform-commons-1.10.2.jar;C:\Users\BAZ INFO\.m2\repository\org\apiguardian\apiguardian-api\1.1.2\apiguardian-api-1.1.2.jar;C:\Users\BAZ INFO\.m2\repository\org\junit\jupiter\junit-jupiter-params\5.10.2\junit-jupiter-params-5.10.2.jar;C:\Users\BAZ INFO\.m2\repository\org\junit\jupiter\junit-jupiter-engine\5.10.2\junit-jupiter-engine-5.10.2.jar;C:\Users\BAZ INFO\.m2\repository\org\junit\platform\junit-platform-engine\1.10.2\junit-platform-engine-1.10.2.jar;C:\Users\BAZ INFO\.m2\repository\org\mockito\mockito-core\5.7.0\mockito-core-5.7.0.jar;C:\Users\BAZ INFO\.m2\repository\net\bytebuddy\byte-buddy-agent\1.14.13\byte-buddy-agent-1.14.13.jar;C:\Users\BAZ INFO\.m2\repository\org\objenesis\objenesis\3.3\objenesis-3.3.jar;C:\Users\BAZ INFO\.m2\repository\org\mockito\mockito-junit-jupiter\5.7.0\mockito-junit-jupiter-5.7.0.jar;C:\Users\BAZ INFO\.m2\repository\org\skyscreamer\jsonassert\1.5.1\jsonassert-1.5.1.jar;C:\Users\BAZ INFO\.m2\repository\com\vaadin\external\google\android-json\0.0.20131108.vaadin1\android-json-0.0.20131108.vaadin1.jar;C:\Users\BAZ INFO\.m2\repository\org\springframework\spring-core\6.1.6\spring-core-6.1.6.jar;C:\Users\BAZ INFO\.m2\repository\org\springframework\spring-jcl\6.1.6\spring-jcl-6.1.6.jar;C:\Users\BAZ INFO\.m2\repository\org\springframework\spring-test\6.1.6\spring-test-6.1.6.jar;C:\Users\BAZ INFO\.m2\repository\org\xmlunit\xmlunit-core\2.9.1\xmlunit-core-2.9.1.jar;C:\Users\BAZ INFO\.m2\repository\org\webjars\bootstrap\4.3.1\bootstrap-4.3.1.jar;C:\Users\BAZ INFO\.m2\repository\org\webjars\popper.js\1.14.3\popper.js-1.14.3.jar;C:\Users\BAZ INFO\.m2\repository\org\springframework\boot\spring-boot-starter-thymeleaf\3.2.5\spring-boot-starter-thymeleaf-3.2.5.jar;C:\Users\BAZ INFO\.m2\repository\org\thymeleaf\thymeleaf-spring6\3.1.2.RELEASE\thymeleaf-spring6-3.1.2.RELEASE.jar;C:\Users\BAZ INFO\.m2\repository\nz\net\ultraq\thymeleaf\thymeleaf-layout-dialect\3.3.0\thymeleaf-layout-dialect-3.3.0.jar;C:\Users\BAZ INFO\.m2\repository\org\apache\groovy\groovy\4.0.21\groovy-4.0.21.jar;C:\Users\BAZ INFO\.m2\repository\nz\net\ultraq\groovy\groovy-extensions\2.1.0\groovy-extensions-2.1.0.jar;C:\Users\BAZ INFO\.m2\repository\nz\net\ultraq\thymeleaf\thymeleaf-expression-processor\3.2.0\thymeleaf-expression-processor-3.2.0.jar;C:\Users\BAZ INFO\.m2\repository\org\thymeleaf\thymeleaf\3.1.2.RELEASE\thymeleaf-3.1.2.RELEASE.jar;C:\Users\BAZ INFO\.m2\repository\ognl\ognl\3.3.4\ognl-3.3.4.jar;C:\Users\BAZ INFO\.m2\repository\org\javassist\javassist\3.29.0-GA\javassist-3.29.0-GA.jar;C:\Users\BAZ INFO\.m2\repository\org\attoparser\attoparser\2.0.7.RELEASE\attoparser-2.0.7.RELEASE.jar;C:\Users\BAZ INFO\.m2\repository\org\unbescape\unbescape\1.1.6.RELEASE\unbescape-1.1.6.RELEASE.jar;C:\Users\BAZ INFO\.m2\repository\org\slf4j\slf4j-api\2.0.13\slf4j-api-2.0.13.jar;C:\Users\BAZ INFO\.m2\repository\org\webjars\jquery\3.5.1\jquery-3.5.1.jar;C:\Users\BAZ INFO\.m2\repository\org\projectlombok\lombok\1.18.32\lombok-1.18.32.jar;C:\Users\BAZ INFO\.m2\repository\org\springframework\boot\spring-boot-starter-data-rest\3.2.5\spring-boot-starter-data-rest-3.2.5.jar;C:\Users\BAZ INFO\.m2\repository\org\springframework\data\spring-data-rest-webmvc\4.2.5\spring-data-rest-webmvc-4.2.5.jar;C:\Users\BAZ INFO\.m2\repository\org\springframework\data\spring-data-rest-core\4.2.5\spring-data-rest-core-4.2.5.jar;C:\Users\BAZ INFO\.m2\repository\org\springframework\hateoas\spring-hateoas\2.2.2\spring-hateoas-2.2.2.jar;C:\Users\BAZ INFO\.m2\repository\org\springframework\plugin\spring-plugin-core\3.0.0\spring-plugin-core-3.0.0.jar;C:\Users\BAZ INFO\.m2\repository\org\atteo\evo-inflector\1.3\evo-inflector-1.3.jar;C:\Users\BAZ INFO\.m2\repository\com\fasterxml\jackson\core\jackson-annotations\2.15.4\jackson-annotations-2.15.4.jar;"/>
    <property name="sun.cpu.endian" value="little"/>
    <property name="user.home" value="C:\Users\BAZ INFO"/>
    <property name="user.language" value="fr"/>
    <property name="java.specification.vendor" value="Oracle Corporation"/>
    <property name="java.version.date" value="2023-09-19"/>
    <property name="java.home" value="C:\Program Files\Java\jdk-21"/>
    <property name="file.separator" value="\"/>
    <property name="basedir" value="C:\Users\BAZ INFO\Documents\workspace-spring-tool-suite-4-4.22.0.RELEASE\Cosmetiques_Sp2"/>
    <property name="java.vm.compressedOopsMode" value="Zero based"/>
    <property name="line.separator" value="&#10;"/>
    <property name="java.vm.specification.vendor" value="Oracle Corporation"/>
    <property name="java.specification.name" value="Java Platform API Specification"/>
    <property name="FILE_LOG_CHARSET" value="UTF-8"/>
    <property name="java.awt.headless" value="true"/>
    <property name="surefire.real.class.path" value="C:\Users\BAZ INFO\AppData\Local\Temp\surefire15850387206601332022\surefirebooter-20240430162945490_3.jar"/>
    <property name="user.script" value=""/>
    <property name="sun.management.compiler" value="HotSpot 64-Bit Tiered Compilers"/>
    <property name="java.runtime.version" value="21+35-LTS-2513"/>
    <property name="user.name" value="BAZ INFO"/>
    <property name="stdout.encoding" value="Cp1252"/>
    <property name="path.separator" value=";"/>
    <property name="os.version" value="10.0"/>
    <property name="java.runtime.name" value="Java(TM) SE Runtime Environment"/>
    <property name="file.encoding" value="UTF-8"/>
    <property name="java.vm.name" value="Java HotSpot(TM) 64-Bit Server VM"/>
    <property name="localRepository" value="C:\Users\BAZ INFO\.m2\repository"/>
    <property name="java.vendor.url.bug" value="https://bugreport.java.com/bugreport/"/>
    <property name="java.io.tmpdir" value="C:\Users\BAZINF~1\AppData\Local\Temp\"/>
    <property name="com.zaxxer.hikari.pool_number" value="1"/>
    <property name="java.version" value="21"/>
    <property name="user.dir" value="C:\Users\BAZ INFO\Documents\workspace-spring-tool-suite-4-4.22.0.RELEASE\Cosmetiques_Sp2"/>
    <property name="os.arch" value="amd64"/>
    <property name="java.vm.specification.name" value="Java Virtual Machine Specification"/>
    <property name="PID" value="16028"/>
    <property name="sun.os.patch.level" value=""/>
    <property name="CONSOLE_LOG_CHARSET" value="UTF-8"/>
    <property name="native.encoding" value="Cp1252"/>
    <property name="java.library.path" value="C:\Program Files\Java\jdk-21\bin;C:\Windows\Sun\Java\bin;C:\Windows\system32;C:\Windows;C:\oraclexe\app\oracle\product\11.2.0\server\bin;C:\Program Files\Common Files\Oracle\Java\javapath;C:\oraclexe\app\oracle\product\11.2.0\server\bin;C:\Windows\system32;C:\Windows;C:\Windows\System32\Wbem;C:\Windows\System32\WindowsPowerShell\v1.0\;C:\Windows\System32\OpenSSH\;C:\Program Files (x86)\NVIDIA Corporation\PhysX\Common;C:\Program Files\MATLAB\MATLAB Runtime\v93\runtime\win64;C:\Program Files (x86)\MATLAB\R2009a\bin;C:\Program Files (x86)\MATLAB\R2009a\bin\win32;C:\ProgramData\chocolatey\bin;C:\Program Files\Git\cmd;C:\ProgramData\ComposerSetup\bin;C:\Program Files\nodejs\;D:\2éme annéé\S2\jEE\apache-maven-3.9.6-bin\apache-maven-3.9.6\bin;C:\Users\BAZ INFO\scoop\shims;C:\Users\BAZ INFO\AppData\Local\Microsoft\WindowsApps;C:\Users\BAZ INFO\AppData\Local\Programs\Microsoft VS Code\bin;C:\xampp\php;;C:\Program Files\JetBrains\PyCharm 2023.1.3\bin;;C:\Users\BAZ INFO\AppData\Roaming\Composer\vendor\bin;C:\Users\BAZ INFO\AppData\Roaming\npm;."/>
    <property name="java.vm.info" value="mixed mode, sharing"/>
    <property name="stderr.encoding" value="Cp1252"/>
    <property name="java.vendor" value="Oracle Corporation"/>
    <property name="java.vm.version" value="21+35-LTS-2513"/>
    <property name="sun.io.unicode.encoding" value="UnicodeLittle"/>
    <property name="java.class.version" value="65.0"/>
    <property name="LOGGED_APPLICATION_NAME" value="[Cosmetiques] "/>
  </properties>
  <testcase name="findByClassificationIdCat" classname="com.tayssir.cosmetiques.CosmetiquesApplicationTests" time="0.756">
    <system-out><![CDATA[16:29:46.443 [main] INFO org.springframework.test.context.support.AnnotationConfigContextLoaderUtils -- Could not detect default configuration classes for test class [com.tayssir.cosmetiques.CosmetiquesApplicationTests]: CosmetiquesApplicationTests does not declare any static, non-private, non-final, nested classes annotated with @Configuration.
16:29:46.537 [main] INFO org.springframework.boot.test.context.SpringBootTestContextBootstrapper -- Found @SpringBootConfiguration com.tayssir.cosmetiques.CosmetiquesApplication for test class com.tayssir.cosmetiques.CosmetiquesApplicationTests
16:29:46.696 [main] INFO org.springframework.boot.devtools.restart.RestartApplicationListener -- Restart disabled due to context in which it is running

  .   ____          _            __ _ _
 /\\ / ___'_ __ _ _(_)_ __  __ _ \ \ \ \
( ( )\___ | '_ | '_| | '_ \/ _` | \ \ \ \
 \\/  ___)| |_)| | | | | || (_| |  ) ) ) )
  '  |____| .__|_| |_|_| |_\__, | / / / /
 =========|_|==============|___/=/_/_/_/
 :: Spring Boot ::                (v3.2.5)

2024-04-30T16:29:46.989+01:00  INFO 16028 --- [Cosmetiques] [           main] c.t.c.CosmetiquesApplicationTests        : Starting CosmetiquesApplicationTests using Java 21 with PID 16028 (started by BAZ INFO in C:\Users\BAZ INFO\Documents\workspace-spring-tool-suite-4-4.22.0.RELEASE\Cosmetiques_Sp2)
2024-04-30T16:29:46.991+01:00  INFO 16028 --- [Cosmetiques] [           main] c.t.c.CosmetiquesApplicationTests        : No active profile set, falling back to 1 default profile: "default"
2024-04-30T16:29:47.871+01:00  INFO 16028 --- [Cosmetiques] [           main] .s.d.r.c.RepositoryConfigurationDelegate : Bootstrapping Spring Data JPA repositories in DEFAULT mode.
2024-04-30T16:29:47.926+01:00  INFO 16028 --- [Cosmetiques] [           main] .s.d.r.c.RepositoryConfigurationDelegate : Finished Spring Data repository scanning in 47 ms. Found 1 JPA repository interface.
2024-04-30T16:29:48.284+01:00  WARN 16028 --- [Cosmetiques] [           main] trationDelegate$BeanPostProcessorChecker : Bean 'org.springframework.ws.config.annotation.DelegatingWsConfiguration' of type [org.springframework.ws.config.annotation.DelegatingWsConfiguration$$SpringCGLIB$$0] is not eligible for getting processed by all BeanPostProcessors (for example: not eligible for auto-proxying). The currently created BeanPostProcessor [annotationActionEndpointMapping] is declared through a non-static factory method on that class; consider declaring it as static instead.
2024-04-30T16:29:48.317+01:00  INFO 16028 --- [Cosmetiques] [           main] .w.s.a.s.AnnotationActionEndpointMapping : Supporting [WS-Addressing August 2004, WS-Addressing 1.0]
2024-04-30T16:29:48.525+01:00  INFO 16028 --- [Cosmetiques] [           main] o.hibernate.jpa.internal.util.LogHelper  : HHH000204: Processing PersistenceUnitInfo [name: default]
2024-04-30T16:29:48.601+01:00  INFO 16028 --- [Cosmetiques] [           main] org.hibernate.Version                    : HHH000412: Hibernate ORM core version 6.4.4.Final
2024-04-30T16:29:48.637+01:00  INFO 16028 --- [Cosmetiques] [           main] o.h.c.internal.RegionFactoryInitiator    : HHH000026: Second-level cache disabled
2024-04-30T16:29:48.929+01:00  INFO 16028 --- [Cosmetiques] [           main] o.s.o.j.p.SpringPersistenceUnitInfo      : No LoadTimeWeaver setup: ignoring JPA class transformer
2024-04-30T16:29:48.965+01:00  INFO 16028 --- [Cosmetiques] [           main] com.zaxxer.hikari.HikariDataSource       : HikariPool-1 - Starting...
2024-04-30T16:29:49.181+01:00  INFO 16028 --- [Cosmetiques] [           main] com.zaxxer.hikari.pool.HikariPool        : HikariPool-1 - Added connection com.mysql.cj.jdbc.ConnectionImpl@7aa15a80
2024-04-30T16:29:49.184+01:00  INFO 16028 --- [Cosmetiques] [           main] com.zaxxer.hikari.HikariDataSource       : HikariPool-1 - Start completed.
2024-04-30T16:29:49.247+01:00  WARN 16028 --- [Cosmetiques] [           main] org.hibernate.dialect.Dialect            : HHH000511: The 5.5.0 version for [org.hibernate.dialect.MySQLDialect] is no longer supported, hence certain features may not work properly. The minimum supported version is 8.0.0. Check the community dialects project for available legacy versions.
2024-04-30T16:29:49.999+01:00  INFO 16028 --- [Cosmetiques] [           main] o.h.e.t.j.p.i.JtaPlatformInitiator       : HHH000489: No JTA platform available (set 'hibernate.transaction.jta.platform' to enable JTA platform integration)
2024-04-30T16:29:50.108+01:00  INFO 16028 --- [Cosmetiques] [           main] j.LocalContainerEntityManagerFactoryBean : Initialized JPA EntityManagerFactory for persistence unit 'default'
2024-04-30T16:29:50.511+01:00  INFO 16028 --- [Cosmetiques] [           main] o.s.d.j.r.query.QueryEnhancerFactory     : Hibernate is in classpath; If applicable, HQL parser will be used.
2024-04-30T16:29:51.105+01:00  WARN 16028 --- [Cosmetiques] [           main] JpaBaseConfiguration$JpaWebConfiguration : spring.jpa.open-in-view is enabled by default. Therefore, database queries may be performed during view rendering. Explicitly configure spring.jpa.open-in-view to disable this warning
2024-04-30T16:29:51.926+01:00  INFO 16028 --- [Cosmetiques] [           main] c.t.c.CosmetiquesApplicationTests        : Started CosmetiquesApplicationTests in 5.245 seconds (process running for 6.293)
Hibernate: select c1_0.id_cosmetique,c1_0.classification_id_clas,c1_0.date_creation,c1_0.nom_cosmetique,c1_0.prix_cosmetique from cosmetique c1_0 left join classification c2_0 on c2_0.id_clas=c1_0.classification_id_clas where c2_0.id_clas=?
Hibernate: select c1_0.id_clas,c1_0.description_clas,c1_0.nom_clas from classification c1_0 where c1_0.id_clas=?
Cosmetique [idCosmetique=1, nomCosmetique=parfum , prixCosmetique=600.0, dateCreation=2024-04-29 22:26:35.0]
Cosmetique [idCosmetique=2, nomCosmetique=vernis, prixCosmetique=28.0, dateCreation=2024-04-29 22:26:35.0]
]]></system-out>
    <system-err><![CDATA[WARNING: A Java agent has been loaded dynamically (C:\Users\BAZ INFO\.m2\repository\net\bytebuddy\byte-buddy-agent\1.14.13\byte-buddy-agent-1.14.13.jar)
WARNING: If a serviceability tool is in use, please run with -XX:+EnableDynamicAgentLoading to hide this warning
WARNING: If a serviceability tool is not in use, please run with -Djdk.instrument.traceUsage for more information
WARNING: Dynamic loading of agents will be disallowed by default in a future release
]]></system-err>
  </testcase>
  <testcase name="testfindByClassification" classname="com.tayssir.cosmetiques.CosmetiquesApplicationTests" time="0.014">
    <system-out><![CDATA[Hibernate: select c1_0.id_cosmetique,c1_0.classification_id_clas,c1_0.date_creation,c1_0.nom_cosmetique,c1_0.prix_cosmetique from cosmetique c1_0 where c1_0.classification_id_clas=?
]]></system-out>
  </testcase>
  <testcase name="testFindByNomCosmetiqueContains" classname="com.tayssir.cosmetiques.CosmetiquesApplicationTests" time="0.039">
    <system-out><![CDATA[Hibernate: select c1_0.id_cosmetique,c1_0.classification_id_clas,c1_0.date_creation,c1_0.nom_cosmetique,c1_0.prix_cosmetique from cosmetique c1_0 limit ?,?
Hibernate: select c1_0.id_clas,c1_0.description_clas,c1_0.nom_clas from classification c1_0 where c1_0.id_clas=?
Hibernate: select count(c1_0.id_cosmetique) from cosmetique c1_0
2
9
5
Cosmetique [idCosmetique=1, nomCosmetique=parfum , prixCosmetique=600.0, dateCreation=2024-04-29 22:26:35.0]
Cosmetique [idCosmetique=2, nomCosmetique=vernis, prixCosmetique=28.0, dateCreation=2024-04-29 22:26:35.0]
]]></system-out>
  </testcase>
  <testcase name="testCreateCosmetique" classname="com.tayssir.cosmetiques.CosmetiquesApplicationTests" time="0.039">
    <system-out><![CDATA[Hibernate: insert into cosmetique (classification_id_clas,date_creation,nom_cosmetique,prix_cosmetique) values (?,?,?,?)
]]></system-out>
  </testcase>
  <testcase name="testfindByNomCosmetiqueContains" classname="com.tayssir.cosmetiques.CosmetiquesApplicationTests" time="0.014">
    <system-out><![CDATA[Hibernate: select c1_0.id_cosmetique,c1_0.classification_id_clas,c1_0.date_creation,c1_0.nom_cosmetique,c1_0.prix_cosmetique from cosmetique c1_0 where c1_0.nom_cosmetique like ? escape '\\'
Hibernate: select c1_0.id_clas,c1_0.description_clas,c1_0.nom_clas from classification c1_0 where c1_0.id_clas=?
Cosmetique [idCosmetique=2, nomCosmetique=vernis, prixCosmetique=28.0, dateCreation=2024-04-29 22:26:35.0]
Cosmetique [idCosmetique=5, nomCosmetique=vernis, prixCosmetique=28.0, dateCreation=2024-04-29 22:31:50.0]
Cosmetique [idCosmetique=8, nomCosmetique=vernis, prixCosmetique=28.0, dateCreation=2024-04-29 22:32:15.0]
]]></system-out>
  </testcase>
  <testcase name="testDeleteCosmetique" classname="com.tayssir.cosmetiques.CosmetiquesApplicationTests" time="0.023">
    <system-out><![CDATA[Hibernate: select c1_0.id_cosmetique,c2_0.id_clas,c2_0.description_clas,c2_0.nom_clas,c1_0.date_creation,c1_0.nom_cosmetique,c1_0.prix_cosmetique from cosmetique c1_0 left join classification c2_0 on c2_0.id_clas=c1_0.classification_id_clas where c1_0.id_cosmetique=?
Hibernate: delete from cosmetique where id_cosmetique=?
]]></system-out>
  </testcase>
  <testcase name="testfindByNomPrix" classname="com.tayssir.cosmetiques.CosmetiquesApplicationTests" time="0.009">
    <system-out><![CDATA[Hibernate: select c1_0.id_cosmetique,c1_0.classification_id_clas,c1_0.date_creation,c1_0.nom_cosmetique,c1_0.prix_cosmetique from cosmetique c1_0 where c1_0.nom_cosmetique like replace(?,'\\','\\\\') and c1_0.prix_cosmetique>?
]]></system-out>
  </testcase>
  <testcase name="testUpdateCosmetique" classname="com.tayssir.cosmetiques.CosmetiquesApplicationTests" time="0.011">
    <error message="No value present" type="java.util.NoSuchElementException"><![CDATA[java.util.NoSuchElementException: No value present
	at java.base/java.util.Optional.get(Optional.java:143)
	at com.tayssir.cosmetiques.CosmetiquesApplicationTests.testUpdateCosmetique(CosmetiquesApplicationTests.java:40)
	at java.base/java.lang.reflect.Method.invoke(Method.java:580)
	at java.base/java.util.ArrayList.forEach(ArrayList.java:1596)
	at java.base/java.util.ArrayList.forEach(ArrayList.java:1596)
]]></error>
    <system-out><![CDATA[Hibernate: select c1_0.id_cosmetique,c2_0.id_clas,c2_0.description_clas,c2_0.nom_clas,c1_0.date_creation,c1_0.nom_cosmetique,c1_0.prix_cosmetique from cosmetique c1_0 left join classification c2_0 on c2_0.id_clas=c1_0.classification_id_clas where c1_0.id_cosmetique=?
]]></system-out>
  </testcase>
  <testcase name="testFindCosmetique" classname="com.tayssir.cosmetiques.CosmetiquesApplicationTests" time="0.006">
    <error message="No value present" type="java.util.NoSuchElementException"><![CDATA[java.util.NoSuchElementException: No value present
	at java.base/java.util.Optional.get(Optional.java:143)
	at com.tayssir.cosmetiques.CosmetiquesApplicationTests.testFindCosmetique(CosmetiquesApplicationTests.java:34)
	at java.base/java.lang.reflect.Method.invoke(Method.java:580)
	at java.base/java.util.ArrayList.forEach(ArrayList.java:1596)
	at java.base/java.util.ArrayList.forEach(ArrayList.java:1596)
]]></error>
    <system-out><![CDATA[Hibernate: select c1_0.id_cosmetique,c2_0.id_clas,c2_0.description_clas,c2_0.nom_clas,c1_0.date_creation,c1_0.nom_cosmetique,c1_0.prix_cosmetique from cosmetique c1_0 left join classification c2_0 on c2_0.id_clas=c1_0.classification_id_clas where c1_0.id_cosmetique=?
]]></system-out>
  </testcase>
  <testcase name="testTrierCosmetiquesNomsPrix" classname="com.tayssir.cosmetiques.CosmetiquesApplicationTests" time="0.012">
    <system-out><![CDATA[Hibernate: select c1_0.id_cosmetique,c1_0.classification_id_clas,c1_0.date_creation,c1_0.nom_cosmetique,c1_0.prix_cosmetique from cosmetique c1_0 order by c1_0.nom_cosmetique,c1_0.prix_cosmetique
Hibernate: select c1_0.id_clas,c1_0.description_clas,c1_0.nom_clas from classification c1_0 where c1_0.id_clas=?
Hibernate: select c1_0.id_clas,c1_0.description_clas,c1_0.nom_clas from classification c1_0 where c1_0.id_clas=?
Cosmetique [idCosmetique=11, nomCosmetique=gel nettoynat, prixCosmetique=30.0, dateCreation=2024-04-30 16:29:52.0]
Cosmetique [idCosmetique=4, nomCosmetique=parfum , prixCosmetique=500.0, dateCreation=2024-04-29 22:31:50.0]
Cosmetique [idCosmetique=7, nomCosmetique=parfum , prixCosmetique=40000.0, dateCreation=2024-04-29 22:32:15.0]
Cosmetique [idCosmetique=3, nomCosmetique=teint, prixCosmetique=9.0, dateCreation=2024-04-29 22:26:35.0]
Cosmetique [idCosmetique=6, nomCosmetique=teint, prixCosmetique=9.0, dateCreation=2024-04-29 22:31:50.0]
Cosmetique [idCosmetique=9, nomCosmetique=teint, prixCosmetique=9.0, dateCreation=2024-04-29 22:32:15.0]
Cosmetique [idCosmetique=2, nomCosmetique=vernis, prixCosmetique=28.0, dateCreation=2024-04-29 22:26:35.0]
Cosmetique [idCosmetique=5, nomCosmetique=vernis, prixCosmetique=28.0, dateCreation=2024-04-29 22:31:50.0]
Cosmetique [idCosmetique=8, nomCosmetique=vernis, prixCosmetique=28.0, dateCreation=2024-04-29 22:32:15.0]
]]></system-out>
  </testcase>
  <testcase name="testfindByOrderByNomCosmetiqueAsc" classname="com.tayssir.cosmetiques.CosmetiquesApplicationTests" time="0.016">
    <system-out><![CDATA[Hibernate: select c1_0.id_cosmetique,c1_0.classification_id_clas,c1_0.date_creation,c1_0.nom_cosmetique,c1_0.prix_cosmetique from cosmetique c1_0 order by c1_0.nom_cosmetique
Hibernate: select c1_0.id_clas,c1_0.description_clas,c1_0.nom_clas from classification c1_0 where c1_0.id_clas=?
Hibernate: select c1_0.id_clas,c1_0.description_clas,c1_0.nom_clas from classification c1_0 where c1_0.id_clas=?
Cosmetique [idCosmetique=11, nomCosmetique=gel nettoynat, prixCosmetique=30.0, dateCreation=2024-04-30 16:29:52.0]
Cosmetique [idCosmetique=4, nomCosmetique=parfum , prixCosmetique=500.0, dateCreation=2024-04-29 22:31:50.0]
Cosmetique [idCosmetique=7, nomCosmetique=parfum , prixCosmetique=40000.0, dateCreation=2024-04-29 22:32:15.0]
Cosmetique [idCosmetique=3, nomCosmetique=teint, prixCosmetique=9.0, dateCreation=2024-04-29 22:26:35.0]
Cosmetique [idCosmetique=6, nomCosmetique=teint, prixCosmetique=9.0, dateCreation=2024-04-29 22:31:50.0]
Cosmetique [idCosmetique=9, nomCosmetique=teint, prixCosmetique=9.0, dateCreation=2024-04-29 22:32:15.0]
Cosmetique [idCosmetique=2, nomCosmetique=vernis, prixCosmetique=28.0, dateCreation=2024-04-29 22:26:35.0]
Cosmetique [idCosmetique=5, nomCosmetique=vernis, prixCosmetique=28.0, dateCreation=2024-04-29 22:31:50.0]
Cosmetique [idCosmetique=8, nomCosmetique=vernis, prixCosmetique=28.0, dateCreation=2024-04-29 22:32:15.0]
]]></system-out>
  </testcase>
  <testcase name="testListerTousCosmetiques" classname="com.tayssir.cosmetiques.CosmetiquesApplicationTests" time="0.013">
    <system-out><![CDATA[Hibernate: select c1_0.id_cosmetique,c1_0.classification_id_clas,c1_0.date_creation,c1_0.nom_cosmetique,c1_0.prix_cosmetique from cosmetique c1_0
Hibernate: select c1_0.id_clas,c1_0.description_clas,c1_0.nom_clas from classification c1_0 where c1_0.id_clas=?
Hibernate: select c1_0.id_clas,c1_0.description_clas,c1_0.nom_clas from classification c1_0 where c1_0.id_clas=?
Cosmetique [idCosmetique=2, nomCosmetique=vernis, prixCosmetique=28.0, dateCreation=2024-04-29 22:26:35.0]
Cosmetique [idCosmetique=3, nomCosmetique=teint, prixCosmetique=9.0, dateCreation=2024-04-29 22:26:35.0]
Cosmetique [idCosmetique=4, nomCosmetique=parfum , prixCosmetique=500.0, dateCreation=2024-04-29 22:31:50.0]
Cosmetique [idCosmetique=5, nomCosmetique=vernis, prixCosmetique=28.0, dateCreation=2024-04-29 22:31:50.0]
Cosmetique [idCosmetique=6, nomCosmetique=teint, prixCosmetique=9.0, dateCreation=2024-04-29 22:31:50.0]
Cosmetique [idCosmetique=7, nomCosmetique=parfum , prixCosmetique=40000.0, dateCreation=2024-04-29 22:32:15.0]
Cosmetique [idCosmetique=8, nomCosmetique=vernis, prixCosmetique=28.0, dateCreation=2024-04-29 22:32:15.0]
Cosmetique [idCosmetique=9, nomCosmetique=teint, prixCosmetique=9.0, dateCreation=2024-04-29 22:32:15.0]
Cosmetique [idCosmetique=11, nomCosmetique=gel nettoynat, prixCosmetique=30.0, dateCreation=2024-04-30 16:29:52.0]
]]></system-out>
  </testcase>
  <testcase name="testFindByNomCosmetique" classname="com.tayssir.cosmetiques.CosmetiquesApplicationTests" time="0.007">
    <system-out><![CDATA[Hibernate: select c1_0.id_cosmetique,c1_0.classification_id_clas,c1_0.date_creation,c1_0.nom_cosmetique,c1_0.prix_cosmetique from cosmetique c1_0 where c1_0.nom_cosmetique=?
]]></system-out>
  </testcase>
</testsuite>